📅 2026-05-14 12:15:38 | 🚀 Auto commit initialized!
📅 2026-05-14 12:27:14 (Thursday) | Think big, start small.
📅 2026-05-15 11:26:51 (Friday) | Keep learning, keep growing.
📅 2026-05-15 12:33:47 (Friday) | Keep learning, keep growing.
📅 2026-05-15 16:44:05 (Friday) | Build something great today.
📅 2026-05-15 21:55:43 (Friday) | Progress, not perfection.
📅 2026-05-16 12:08:10 (Saturday) | Code is poetry.
📅 2026-05-16 15:57:55 (Saturday) | 今天也要加油鸭 🦆
📅 2026-05-16 21:12:33 (Saturday) | 又是元气满满的一天 ☀️
📅 2026-05-17 12:36:54 (Sunday) | Think big, start small.
📅 2026-05-17 16:15:04 (Sunday) | Progress, not perfection.
📅 2026-05-17 21:09:02 (Sunday) | One commit at a time.
📅 2026-05-18 12:49:11 (Monday) | One commit at a time.
📅 2026-05-18 17:53:37 (Monday) | Build something great today.
📅 2026-05-18 23:19:31 (Monday) | Code is poetry.
📅 2026-05-19 12:39:28 (Tuesday) | 代码改变世界 🌍
📅 2026-05-19 17:35:38 (Tuesday) | One commit at a time.
📅 2026-05-19 22:50:38 (Tuesday) | 今天也要加油鸭 🦆
📅 2026-05-20 12:44:05 (Wednesday) | One commit at a time.
📅 2026-05-20 16:59:34 (Wednesday) | 又是元气满满的一天 ☀️
📅 2026-05-20 22:53:10 (Wednesday) | Build something great today.
📅 2026-05-21 12:51:05 (Thursday) | Progress, not perfection.
📅 2026-05-21 17:31:44 (Thursday) | Build something great today.
📅 2026-05-21 22:55:11 (Thursday) | Think big, start small.
📅 2026-05-22 12:42:07 (Friday) | 今天也要加油鸭 🦆
📅 2026-05-22 16:55:10 (Friday) | Keep learning, keep growing.
📅 2026-05-22 22:29:08 (Friday) | Code is poetry.
📅 2026-05-23 12:13:31 (Saturday) | Ship it!
📅 2026-05-23 16:12:20 (Saturday) | Ship it!
📅 2026-05-23 21:14:42 (Saturday) | Ship it!
📅 2026-05-24 12:46:21 (Sunday) | Stay hungry, stay foolish.
📅 2026-05-24 16:24:05 (Sunday) | 今天也要加油鸭 🦆
📅 2026-05-24 21:15:12 (Sunday) | 代码改变世界 🌍
📅 2026-05-25 12:59:58 (Monday) | Progress, not perfection.
📅 2026-05-25 17:57:17 (Monday) | Ship it!
📅 2026-05-25 22:45:24 (Monday) | Code is poetry.
📅 2026-05-26 12:40:51 (Tuesday) | Ship it!
📅 2026-05-26 17:44:09 (Tuesday) | Ship it!
📅 2026-05-26 22:57:25 (Tuesday) | Ship it!
📅 2026-05-27 12:53:58 (Wednesday) | Build something great today.
📅 2026-05-27 17:37:59 (Wednesday) | Ship it!
📅 2026-05-27 23:26:10 (Wednesday) | Progress, not perfection.
📅 2026-05-28 12:48:26 (Thursday) | 今天也要加油鸭 🦆
📅 2026-05-28 17:54:54 (Thursday) | Keep learning, keep growing.
📅 2026-05-28 23:39:50 (Thursday) | 今天也要加油鸭 🦆
📅 2026-05-29 12:50:55 (Friday) | One commit at a time.
📅 2026-05-29 17:44:24 (Friday) | Build something great today.
📅 2026-05-29 22:52:35 (Friday) | Code is poetry.
📅 2026-05-30 12:31:58 (Saturday) | 又是元气满满的一天 ☀️
📅 2026-05-30 16:23:21 (Saturday) | One commit at a time.
📅 2026-05-30 21:18:16 (Saturday) | 持续进步中 📈
📅 2026-05-31 12:58:08 (Sunday) | 持续进步中 📈
📅 2026-05-31 16:39:16 (Sunday) | Keep learning, keep growing.
📅 2026-05-31 21:26:17 (Sunday) | 今天也要加油鸭 🦆
📅 2026-06-01 13:23:00 (Monday) | Code is poetry.
📅 2026-06-01 19:23:48 (Monday) | Progress, not perfection.
📅 2026-06-02 01:28:52 (Tuesday) | Ship it!
📅 2026-06-02 13:08:18 (Tuesday) | Build something great today.
📅 2026-06-02 18:14:33 (Tuesday) | Build something great today.
📅 2026-06-03 00:13:28 (Wednesday) | Stay hungry, stay foolish.
📅 2026-06-03 13:23:57 (Wednesday) | Progress, not perfection.
📅 2026-06-03 18:50:38 (Wednesday) | 持续进步中 📈
📅 2026-06-04 00:29:16 (Thursday) | 持续进步中 📈
📅 2026-06-04 13:19:00 (Thursday) | 今天也要加油鸭 🦆
📅 2026-06-04 17:50:14 (Thursday) | Build something great today.
📅 2026-06-04 22:47:28 (Thursday) | 持续进步中 📈
📅 2026-06-05 12:54:12 (Friday) | Keep learning, keep growing.
📅 2026-06-05 17:38:24 (Friday) | Think big, start small.
📅 2026-06-05 22:38:32 (Friday) | 今天也要加油鸭 🦆
📅 2026-06-06 12:33:45 (Saturday) | Code is poetry.
📅 2026-06-06 16:29:02 (Saturday) | Progress, not perfection.
📅 2026-06-06 21:21:38 (Saturday) | Ship it!
📅 2026-06-07 13:04:04 (Sunday) | Think big, start small.
📅 2026-06-07 16:50:03 (Sunday) | Build something great today.
📅 2026-06-07 21:42:19 (Sunday) | Keep learning, keep growing.
📅 2026-06-08 13:10:36 (Monday) | Build something great today.
📅 2026-06-08 18:28:28 (Monday) | Keep learning, keep growing.
📅 2026-06-08 23:39:45 (Monday) | Stay hungry, stay foolish.
📅 2026-06-09 12:43:20 (Tuesday) | 代码改变世界 🌍
📅 2026-06-09 17:34:02 (Tuesday) | Code is poetry.
📅 2026-06-09 22:39:02 (Tuesday) | One commit at a time.
📅 2026-06-10 12:55:34 (Wednesday) | 今天也要加油鸭 🦆
📅 2026-06-10 17:50:28 (Wednesday) | 又是元气满满的一天 ☀️
📅 2026-06-10 23:22:18 (Wednesday) | Keep learning, keep growing.
📅 2026-06-11 13:06:54 (Thursday) | 持续进步中 📈
📅 2026-06-11 18:15:49 (Thursday) | Think big, start small.
📅 2026-06-11 23:49:06 (Thursday) | Build something great today.
📅 2026-06-12 13:12:28 (Friday) | Progress, not perfection.
📅 2026-06-12 18:03:31 (Friday) | 今天也要加油鸭 🦆
📅 2026-06-12 22:47:28 (Friday) | Build something great today.
📅 2026-06-13 12:57:43 (Saturday) | 代码改变世界 🌍
📅 2026-06-13 16:52:20 (Saturday) | One commit at a time.
📅 2026-06-13 21:49:22 (Saturday) | Build something great today.
📅 2026-06-14 13:14:29 (Sunday) | Keep learning, keep growing.
📅 2026-06-14 17:26:47 (Sunday) | Code is poetry.
📅 2026-06-14 21:51:34 (Sunday) | One commit at a time.
📅 2026-06-15 13:34:53 (Monday) | 又是元气满满的一天 ☀️
📅 2026-06-15 19:55:11 (Monday) | 持续进步中 📈
📅 2026-06-16 01:07:46 (Tuesday) | Build something great today.
📅 2026-06-16 13:42:59 (Tuesday) | Build something great today.
📅 2026-06-16 19:03:08 (Tuesday) | Stay hungry, stay foolish.
📅 2026-06-17 00:43:45 (Wednesday) | Keep learning, keep growing.
📅 2026-06-17 13:22:28 (Wednesday) | Stay hungry, stay foolish.
📅 2026-06-17 18:47:09 (Wednesday) | Think big, start small.
📅 2026-06-17 23:14:41 (Wednesday) | Stay hungry, stay foolish.
📅 2026-06-18 13:13:08 (Thursday) | 持续进步中 📈
📅 2026-06-18 18:14:19 (Thursday) | 又是元气满满的一天 ☀️
📅 2026-06-18 22:56:58 (Thursday) | Code is poetry.
📅 2026-06-19 13:32:04 (Friday) | One commit at a time.
📅 2026-06-19 18:19:21 (Friday) | 持续进步中 📈
📅 2026-06-19 22:53:50 (Friday) | One commit at a time.
📅 2026-06-20 12:48:47 (Saturday) | Keep learning, keep growing.
📅 2026-06-20 16:48:09 (Saturday) | Build something great today.
📅 2026-06-20 21:50:54 (Saturday) | Think big, start small.
📅 2026-06-21 13:23:55 (Sunday) | 又是元气满满的一天 ☀️
📅 2026-06-21 17:43:00 (Sunday) | One commit at a time.
📅 2026-06-21 21:58:35 (Sunday) | One commit at a time.
📅 2026-06-22 13:39:21 (Monday) | Code is poetry.
📅 2026-06-22 19:44:51 (Monday) | Build something great today.
📅 2026-06-23 00:46:21 (Tuesday) | Progress, not perfection.
📅 2026-06-23 12:38:15 (Tuesday) | 持续进步中 📈
📅 2026-06-23 17:30:54 (Tuesday) | Stay hungry, stay foolish.
📅 2026-06-23 22:38:11 (Tuesday) | One commit at a time.
📅 2026-06-24 12:45:16 (Wednesday) | 持续进步中 📈
📅 2026-06-24 16:59:10 (Wednesday) | Keep learning, keep growing.
📅 2026-06-24 22:19:39 (Wednesday) | Think big, start small.
📅 2026-06-25 12:41:29 (Thursday) | One commit at a time.
📅 2026-06-25 16:53:39 (Thursday) | Think big, start small.
📅 2026-06-25 22:20:39 (Thursday) | 持续进步中 📈
📅 2026-06-26 12:48:18 (Friday) | Think big, start small.
📅 2026-06-26 16:57:04 (Friday) | Code is poetry.
